<?xml version="1.0" encoding="UTF-8"?>
<testng-results skipped="0" failed="0" total="1" passed="1">
  <reporter-output>
  </reporter-output>
  <suite name="Suite" duration-ms="6085" started-at="2019-07-01T11:16:58Z" finished-at="2019-07-01T11:17:05Z">
    <groups>
    </groups>
    <test name="Test" duration-ms="6085" started-at="2019-07-01T11:16:58Z" finished-at="2019-07-01T11:17:05Z">
      <class name="sel1.test1.openBrowser.OpenBrowser1">
        <test-method status="PASS" signature="Test12()[pri:0, instance:sel1.test1.openBrowser.OpenBrowser1@29ee9faa]" name="Test12" duration-ms="6069" started-at="2019-07-01T16:46:58Z" finished-at="2019-07-01T16:47:05Z">
          <reporter-output>
          </reporter-output>
        </test-method> <!-- Test12 -->
      </class> <!-- sel1.test1.openBrowser.OpenBrowser1 -->
    </test> <!-- Test -->
  </suite> <!-- Suite -->
</testng-results>
