<?xml version="1.0" encoding="UTF-8"?>
<testng-results skipped="0" failed="0" total="1" passed="1">
  <reporter-output>
  </reporter-output>
  <suite name="Suite" duration-ms="6899" started-at="2019-07-01T11:21:27Z" finished-at="2019-07-01T11:21:34Z">
    <groups>
    </groups>
    <test name="Test" duration-ms="6899" started-at="2019-07-01T11:21:27Z" finished-at="2019-07-01T11:21:34Z">
      <class name="sel1.test1.openBrowser.OpenBrowser1">
        <test-method status="PASS" signature="Test12()[pri:0, instance:sel1.test1.openBrowser.OpenBrowser1@31f20c9f]" name="Test12" duration-ms="6877" started-at="2019-07-01T16:51:27Z" finished-at="2019-07-01T16:51:34Z">
          <reporter-output>
          </reporter-output>
        </test-method> <!-- Test12 -->
      </class> <!-- sel1.test1.openBrowser.OpenBrowser1 -->
    </test> <!-- Test -->
  </suite> <!-- Suite -->
</testng-results>
